0 info it worked if it ends with ok
1 verbose cli [ '/usr/bin/nodejs', '/usr/bin/npm', 'start' ]
2 info using npm@3.10.10
3 info using node@v6.11.2
4 verbose run-script [ 'prestart', 'start', 'poststart' ]
5 info lifecycle webpack-template@1.0.0~prestart: webpack-template@1.0.0
6 silly lifecycle webpack-template@1.0.0~prestart: no script for prestart, continuing
7 info lifecycle webpack-template@1.0.0~start: webpack-template@1.0.0
8 verbose lifecycle webpack-template@1.0.0~start: unsafe-perm in lifecycle true
9 verbose lifecycle webpack-template@1.0.0~start: PATH: /usr/lib/node_modules/npm/bin/node-gyp-bin:/home/nori/Desktop/nycda-ecommerce-server-master/node_modules/.bin:/home/nori/.rvm/gems/ruby-2.3.0/bin:/home/nori/.rvm/gems/ruby-2.3.0@global/bin:/home/nori/.rvm/rubies/ruby-2.3.0/bin:/usr/local/bin:/usr/bin:/bin:/usr/local/games:/usr/games:/home/nori/.rvm/bin:/home/nori/.rvm/bin:/home/nori/.rvm/bin:/home/nori/.rvm/bin:/home/nori/.rvm/bin
10 verbose lifecycle webpack-template@1.0.0~start: CWD: /home/nori/Desktop/nycda-ecommerce-server-master
11 silly lifecycle webpack-template@1.0.0~start: Args: [ '-c',
11 silly lifecycle   'cross-env NODE_ENV=development babel-node ./server/index.js' ]
12 silly lifecycle webpack-template@1.0.0~start: Returned: code: 1  signal: null
13 info lifecycle webpack-template@1.0.0~start: Failed to exec start script
14 verbose stack Error: webpack-template@1.0.0 start: `cross-env NODE_ENV=development babel-node ./server/index.js`
14 verbose stack Exit status 1
14 verbose stack     at EventEmitter.<anonymous> (/usr/lib/node_modules/npm/lib/utils/lifecycle.js:255:16)
14 verbose stack     at emitTwo (events.js:106:13)
14 verbose stack     at EventEmitter.emit (events.js:191:7)
14 verbose stack     at ChildProcess.<anonymous> (/usr/lib/node_modules/npm/lib/utils/spawn.js:40:14)
14 verbose stack     at emitTwo (events.js:106:13)
14 verbose stack     at ChildProcess.emit (events.js:191:7)
14 verbose stack     at maybeClose (internal/child_process.js:891:16)
14 verbose stack     at Process.ChildProcess._handle.onexit (internal/child_process.js:226:5)
15 verbose pkgid webpack-template@1.0.0
16 verbose cwd /home/nori/Desktop/nycda-ecommerce-server-master
17 error Linux 3.8.11
18 error argv "/usr/bin/nodejs" "/usr/bin/npm" "start"
19 error node v6.11.2
20 error npm  v3.10.10
21 error code ELIFECYCLE
22 error webpack-template@1.0.0 start: `cross-env NODE_ENV=development babel-node ./server/index.js`
22 error Exit status 1
23 error Failed at the webpack-template@1.0.0 start script 'cross-env NODE_ENV=development babel-node ./server/index.js'.
23 error Make sure you have the latest version of node.js and npm installed.
23 error If you do, this is most likely a problem with the webpack-template package,
23 error not with npm itself.
23 error Tell the author that this fails on your system:
23 error     cross-env NODE_ENV=development babel-node ./server/index.js
23 error You can get information on how to open an issue for this project with:
23 error     npm bugs webpack-template
23 error Or if that isn't available, you can get their info via:
23 error     npm owner ls webpack-template
23 error There is likely additional logging output above.
24 verbose exit [ 1, true ]
